SF:/Users/joaopedromartins/projects/personal/JotaPeTecnologia/micro-core-http/lib/src/clients/http_timeout_client.dart
DA:31,2
DA:38,1
DA:39,6
DA:42,2
DA:44,4
DA:45,2
DA:48,2
DA:50,6
DA:51,2
DA:52,1
DA:53,1
DA:54,1
DA:55,1
LF:13
LH:13
end_of_record
SF:/Users/joaopedromartins/projects/personal/JotaPeTecnologia/micro-core-http/lib/src/entities/http_exception.dart
DA:65,43
DA:69,15
LF:2
LH:2
end_of_record
SF:/Users/joaopedromartins/projects/personal/JotaPeTecnologia/micro-core-http/lib/src/entities/http_request.dart
DA:29,9
DA:37,3
DA:42,3
DA:43,6
DA:44,3
DA:50,2
DA:52,2
DA:55,4
DA:56,4
DA:57,4
DA:58,6
DA:59,4
DA:60,7
DA:61,2
DA:62,2
DA:64,2
LF:16
LH:16
end_of_record
SF:/Users/joaopedromartins/projects/personal/JotaPeTecnologia/micro-core-http/lib/src/exceptions/http_exception_request_timeout.dart
DA:29,31
DA:34,2
DA:35,2
DA:38,1
DA:45,1
LF:5
LH:5
end_of_record
SF:/Users/joaopedromartins/projects/personal/JotaPeTecnologia/micro-core-http/lib/src/defaults/default_http_authorization_handler.dart
DA:20,29
DA:22,1
DA:25,1
DA:26,1
LF:4
LH:4
end_of_record
SF:/Users/joaopedromartins/projects/personal/JotaPeTecnologia/micro-core-http/lib/src/enums/http_authorization_type.dart
DA:37,4
DA:40,4
DA:43,2
LF:3
LH:3
end_of_record
SF:/Users/joaopedromartins/projects/personal/JotaPeTecnologia/micro-core-http/lib/src/defaults/default_http_error_handler.dart
DA:19,29
DA:21,1
DA:23,1
DA:24,2
DA:25,2
DA:26,2
DA:27,1
DA:28,1
DA:29,1
DA:32,1
LF:10
LH:10
end_of_record
SF:/Users/joaopedromartins/projects/personal/JotaPeTecnologia/micro-core-http/lib/src/interfaces/http_error_handler_interface.dart
DA:19,0
LF:1
LH:0
end_of_record
SF:/Users/joaopedromartins/projects/personal/JotaPeTecnologia/micro-core-http/lib/src/defaults/default_http_exception_handler.dart
DA:23,29
DA:25,1
DA:27,3
DA:28,1
DA:29,1
DA:32,1
DA:35,2
LF:7
LH:7
end_of_record
SF:/Users/joaopedromartins/projects/personal/JotaPeTecnologia/micro-core-http/lib/src/interfaces/http_exception_handler_interface.dart
DA:20,0
DA:22,2
DA:28,2
DA:29,6
DA:31,4
DA:32,4
DA:38,1
DA:39,1
DA:47,1
DA:48,1
LF:10
LH:9
end_of_record
SF:/Users/joaopedromartins/projects/personal/JotaPeTecnologia/micro-core-http/lib/src/defaults/default_http_refresh_handler.dart
DA:20,29
DA:22,1
DA:25,1
DA:29,1
LF:4
LH:4
end_of_record
SF:/Users/joaopedromartins/projects/personal/JotaPeTecnologia/micro-core-http/lib/src/defaults/default_http_request_handler.dart
DA:20,30
DA:22,1
DA:23,1
DA:25,3
LF:4
LH:4
end_of_record
SF:/Users/joaopedromartins/projects/personal/JotaPeTecnologia/micro-core-http/lib/src/interfaces/http_request_handler_interface.dart
DA:19,30
LF:1
LH:1
end_of_record
SF:/Users/joaopedromartins/projects/personal/JotaPeTecnologia/micro-core-http/lib/src/defaults/default_http_response_handler.dart
DA:20,29
DA:22,1
DA:23,1
DA:25,1
LF:4
LH:4
end_of_record
SF:/Users/joaopedromartins/projects/personal/JotaPeTecnologia/micro-core-http/lib/src/entities/http_response.dart
DA:48,4
DA:61,2
DA:66,2
DA:67,4
DA:68,2
DA:69,2
DA:70,2
DA:71,2
DA:73,2
DA:74,2
DA:79,2
DA:81,2
DA:84,4
DA:85,4
DA:86,4
DA:87,2
DA:88,2
DA:89,4
DA:90,4
DA:91,2
DA:92,2
DA:94,2
LF:22
LH:22
end_of_record
SF:/Users/joaopedromartins/projects/personal/JotaPeTecnologia/micro-core-http/lib/src/interfaces/http_response_handler_interface.dart
DA:19,0
LF:1
LH:0
end_of_record
SF:/Users/joaopedromartins/projects/personal/JotaPeTecnologia/micro-core-http/lib/src/entities/http_base_request.dart
DA:19,1
LF:1
LH:1
end_of_record
SF:/Users/joaopedromartins/projects/personal/JotaPeTecnologia/micro-core-http/lib/src/entities/http_form_data.dart
DA:27,2
DA:30,6
DA:33,2
DA:34,2
DA:37,4
DA:38,6
DA:42,2
DA:43,10
DA:47,2
DA:53,2
DA:55,4
DA:56,6
DA:60,2
DA:61,8
DA:67,1
DA:69,1
DA:70,9
DA:73,1
DA:75,1
LF:19
LH:19
end_of_record
SF:/Users/joaopedromartins/projects/personal/JotaPeTecnologia/micro-core-http/lib/src/entities/http_multipart_file.dart
DA:32,3
DA:39,3
DA:40,3
DA:42,3
DA:43,3
DA:44,3
DA:48,1
DA:52,4
DA:53,2
DA:54,1
DA:56,1
LF:11
LH:11
end_of_record
SF:/Users/joaopedromartins/projects/personal/JotaPeTecnologia/micro-core-http/lib/src/entities/http_multipart_request.dart
DA:29,2
DA:36,1
DA:38,1
DA:41,2
DA:42,2
DA:43,2
DA:44,3
DA:45,2
DA:46,2
DA:47,1
DA:48,1
DA:49,1
DA:51,1
LF:13
LH:13
end_of_record
SF:/Users/joaopedromartins/projects/personal/JotaPeTecnologia/micro-core-http/lib/src/entities/http_options.dart
DA:65,1
LF:1
LH:1
end_of_record
SF:/Users/joaopedromartins/projects/personal/JotaPeTecnologia/micro-core-http/lib/src/entities/http_media_type.dart
DA:19,4
LF:1
LH:1
end_of_record
SF:/Users/joaopedromartins/projects/personal/JotaPeTecnologia/micro-core-http/lib/src/exceptions/http_exception_bad_request.dart
DA:29,31
DA:34,2
DA:35,2
DA:38,2
DA:45,2
LF:5
LH:5
end_of_record
SF:/Users/joaopedromartins/projects/personal/JotaPeTecnologia/micro-core-http/lib/src/exceptions/http_exception_forbidden.dart
DA:29,30
DA:34,1
DA:35,1
DA:38,1
DA:45,1
LF:5
LH:5
end_of_record
SF:/Users/joaopedromartins/projects/personal/JotaPeTecnologia/micro-core-http/lib/src/exceptions/http_exception_method_not_allowed.dart
DA:29,30
DA:34,1
DA:35,1
DA:38,1
DA:45,1
LF:5
LH:5
end_of_record
SF:/Users/joaopedromartins/projects/personal/JotaPeTecnologia/micro-core-http/lib/src/exceptions/http_exception_not_found.dart
DA:29,30
DA:34,1
DA:35,1
DA:38,1
DA:45,1
LF:5
LH:5
end_of_record
SF:/Users/joaopedromartins/projects/personal/JotaPeTecnologia/micro-core-http/lib/src/exceptions/http_exception_internal_server_error.dart
DA:29,30
DA:34,1
DA:35,1
DA:38,1
DA:45,1
LF:5
LH:5
end_of_record
SF:/Users/joaopedromartins/projects/personal/JotaPeTecnologia/micro-core-http/lib/src/exceptions/http_exception_unauthorized.dart
DA:29,31
DA:34,2
DA:35,1
DA:38,1
DA:45,1
LF:5
LH:5
end_of_record
SF:/Users/joaopedromartins/projects/personal/JotaPeTecnologia/micro-core-http/lib/src/exceptions/http_exception_unsupported_media_type.dart
DA:29,30
DA:34,1
DA:35,1
DA:38,1
DA:45,1
LF:5
LH:5
end_of_record
SF:/Users/joaopedromartins/projects/personal/JotaPeTecnologia/micro-core-http/lib/src/exceptions/http_known_exception.dart
DA:33,41
DA:38,4
DA:40,4
DA:43,1
DA:49,1
DA:50,1
DA:51,1
DA:52,1
DA:53,1
DA:57,1
DA:59,1
DA:61,2
DA:62,4
DA:63,4
DA:64,5
DA:65,4
DA:66,3
DA:67,3
DA:68,2
DA:69,2
DA:70,1
LF:21
LH:21
end_of_record
SF:/Users/joaopedromartins/projects/personal/JotaPeTecnologia/micro-core-http/lib/src/clients/http_intercept_client.dart
DA:34,2
DA:40,2
DA:42,4
DA:43,2
DA:47,2
DA:59,2
DA:60,1
DA:68,2
DA:71,3
DA:74,3
DA:79,2
DA:87,4
DA:91,3
DA:92,2
DA:94,1
DA:95,2
DA:104,2
DA:109,2
DA:113,4
DA:117,2
DA:119,2
DA:120,2
DA:124,4
DA:126,2
DA:127,2
DA:133,1
DA:142,1
DA:151,1
DA:154,2
DA:161,2
DA:168,2
DA:171,1
DA:178,1
DA:185,1
DA:188,1
DA:197,1
DA:206,1
DA:209,1
DA:218,1
DA:227,1
DA:230,1
DA:239,1
DA:248,1
LF:43
LH:43
end_of_record
SF:/Users/joaopedromartins/projects/personal/JotaPeTecnologia/micro-core-http/lib/src/entities/http_streamed_response.dart
DA:21,2
DA:30,2
LF:2
LH:2
end_of_record
SF:/Users/joaopedromartins/projects/personal/JotaPeTecnologia/micro-core-http/lib/src/clients/http_client.dart
DA:31,1
DA:33,1
DA:35,2
DA:36,3
DA:40,3
DA:43,1
DA:49,2
DA:50,3
DA:54,3
DA:57,7
DA:58,3
DA:66,1
DA:74,2
DA:76,1
DA:77,1
DA:78,1
DA:83,0
DA:84,0
DA:85,0
DA:93,1
DA:99,1
DA:100,2
DA:101,2
DA:102,2
DA:103,2
DA:104,2
DA:105,2
DA:108,1
DA:110,1
DA:111,1
DA:114,0
DA:117,1
DA:118,1
DA:121,1
DA:125,1
DA:129,1
DA:132,4
DA:133,3
DA:134,1
DA:138,1
DA:144,1
DA:148,1
DA:151,4
DA:152,3
DA:153,1
DA:157,1
DA:163,1
DA:168,1
DA:169,1
DA:176,1
DA:177,2
DA:183,1
DA:189,1
DA:196,2
DA:197,3
DA:201,3
DA:206,1
DA:213,1
DA:214,1
DA:215,1
DA:222,1
DA:223,1
DA:224,1
DA:225,1
DA:230,3
DA:231,1
DA:232,1
DA:233,1
DA:239,0
DA:250,0
DA:251,0
DA:253,0
DA:259,0
DA:265,0
DA:272,0
DA:280,0
DA:287,0
DA:298,0
DA:308,0
DA:309,0
DA:311,0
DA:317,0
DA:323,0
DA:330,0
DA:337,0
DA:344,0
DA:355,0
DA:365,0
DA:366,0
DA:368,0
DA:374,0
DA:380,0
DA:387,0
DA:394,0
DA:401,0
DA:412,0
DA:423,0
DA:424,0
DA:426,0
DA:432,0
DA:438,0
DA:445,0
DA:453,0
DA:460,0
DA:471,0
DA:482,0
DA:483,0
DA:485,0
DA:491,0
DA:497,0
DA:504,0
DA:512,0
DA:519,0
DA:530,0
DA:541,0
DA:542,0
DA:544,0
DA:550,0
DA:556,0
DA:563,0
DA:571,0
DA:578,0
LF:122
LH:64
end_of_record
SF:/Users/joaopedromartins/projects/personal/JotaPeTecnologia/micro-core-http/lib/src/utils/uri_utils.dart
DA:28,2
DA:36,4
DA:37,1
DA:38,2
DA:39,4
DA:43,2
DA:44,2
DA:45,2
DA:52,1
DA:53,1
DA:54,1
DA:61,2
LF:12
LH:12
end_of_record
